\BOOKMARK [0][-]{table.caption.2}{\376\377\000D\000E\000C\000L\000A\000R\000A\000T\000I\000O\000N}{}% 1
\BOOKMARK [0][-]{table.caption.5}{\376\377\000C\000E\000R\000T\000I\000F\000I\000C\000A\000T\000E}{}% 2
\BOOKMARK [0][-]{section*.7}{\376\377\000A\000b\000s\000t\000r\000a\000c\000t}{}% 3
\BOOKMARK [0][-]{section*.8}{\376\377\000A\000c\000k\000n\000o\000w\000l\000e\000d\000g\000e\000m\000e\000n\000t\000s}{}% 4
\BOOKMARK [0][-]{chapter*.10}{\376\377\000L\000i\000s\000t\000\040\000o\000f\000\040\000P\000u\000b\000l\000i\000c\000a\000t\000i\000o\000n\000s}{}% 5
\BOOKMARK [0][-]{chapter*.12}{\376\377\000L\000i\000s\000t\000\040\000o\000f\000\040\000F\000i\000g\000u\000r\000e\000s}{}% 6
\BOOKMARK [0][-]{chapter*.13}{\376\377\000L\000i\000s\000t\000\040\000o\000f\000\040\000T\000a\000b\000l\000e\000s}{}% 7
\BOOKMARK [0][-]{table.15}{\376\377\000L\000i\000s\000t\000\040\000o\000f\000\040\000A\000b\000b\000r\000e\000v\000i\000a\000t\000i\000o\000n\000s}{}% 8
\BOOKMARK [0][-]{table.17}{\376\377\000L\000i\000s\000t\000\040\000o\000f\000\040\000S\000y\000m\000b\000o\000l\000s}{}% 9
\BOOKMARK [0][-]{section*.18}{\376\377\000C\000E\000R\000T\000I\000F\000I\000C\000A\000T\000E}{}% 10
\BOOKMARK [0][-]{chapter.29}{\376\377\000I\000n\000t\000r\000o\000d\000u\000c\000t\000i\000o\000n}{}% 11
\BOOKMARK [1][-]{section.30}{\376\377\000I\000n\000t\000r\000o\000d\000u\000c\000t\000i\000o\000n}{chapter.29}% 12
\BOOKMARK [0][-]{chapter.31}{\376\377\000R\000e\000l\000a\000t\000e\000d\000\040\000w\000o\000r\000k}{}% 13
\BOOKMARK [1][-]{section.32}{\376\377\000R\000e\000l\000a\000t\000e\000d\000\040\000w\000o\000r\000k}{chapter.31}% 14
\BOOKMARK [0][-]{chapter.33}{\376\377\000D\000a\000t\000a\000s\000e\000t\000\040\000a\000n\000d\000\040\000E\000x\000p\000l\000o\000r\000a\000t\000o\000r\000y\000\040\000A\000n\000a\000l\000y\000s\000i\000s}{}% 15
\BOOKMARK [1][-]{section.34}{\376\377\000D\000a\000t\000a\000s\000e\000t\000\040\000a\000n\000d\000\040\000E\000x\000p\000l\000o\000r\000a\000t\000o\000r\000y\000\040\000A\000n\000a\000l\000y\000s\000i\000s}{chapter.33}% 16
\BOOKMARK [0][-]{chapter.39}{\376\377\000P\000r\000o\000p\000o\000s\000e\000d\000\040\000M\000e\000t\000h\000o\000d\000o\000l\000o\000g\000y}{}% 17
\BOOKMARK [1][-]{section.40}{\376\377\000P\000r\000o\000p\000o\000s\000e\000d\000\040\000M\000e\000t\000h\000o\000d\000o\000l\000o\000g\000y}{chapter.39}% 18
\BOOKMARK [2][-]{subsection.41}{\376\377\000P\000r\000o\000p\000o\000s\000e\000d\000\040\0001\000:\000\040\000H\000y\000b\000r\000i\000d\000\040\000G\000R\000U\000-\000C\000N\000N\000\040\000M\000o\000d\000e\000l}{section.40}% 19
\BOOKMARK [2][-]{subsection.54}{\376\377\000P\000r\000o\000p\000o\000s\000e\000d\0002\000:\000\040\000R\000e\000d\000u\000c\000t\000i\000v\000e\000\040\000B\000i\000a\000s\000\050\000R\000B\000\051\000\040\000w\000i\000t\000h\000\040\000H\000y\000b\000r\000i\000d\000\040\000G\000R\000U\000-\000C\000N\000N\000\040\000m\000o\000d\000e\000l\000\040\000\050\000R\000B\000-\000G\000R\000U\000-\000C\000N\000N\000\051}{section.40}% 20
\BOOKMARK [2][-]{subsection.60}{\376\377\000E\000x\000p\000e\000r\000i\000m\000e\000n\000t\000s}{section.40}% 21
\BOOKMARK [0][-]{chapter.72}{\376\377\000R\000e\000s\000u\000l\000t\000s\000\040\000a\000n\000d\000\040\000A\000n\000a\000l\000y\000s\000i\000s}{}% 22
\BOOKMARK [1][-]{section.73}{\376\377\000R\000e\000s\000u\000l\000t\000s\000\040\000a\000n\000d\000\040\000A\000n\000a\000l\000y\000s\000i\000s}{chapter.72}% 23
\BOOKMARK [2][-]{subsection.74}{\376\377\000Q\000u\000a\000n\000t\000i\000t\000a\000t\000i\000v\000e\000\040\000A\000n\000a\000l\000y\000s\000i\000s}{section.73}% 24
\BOOKMARK [2][-]{subsection.83}{\376\377\000G\000r\000a\000p\000h\000i\000c\000a\000l\000\040\000A\000n\000a\000l\000y\000s\000i\000s}{section.73}% 25
\BOOKMARK [2][-]{subsection.108}{\376\377\000S\000t\000a\000t\000i\000s\000t\000i\000c\000a\000l\000\040\000A\000n\000a\000l\000y\000s\000i\000s}{section.73}% 26
\BOOKMARK [0][-]{chapter.111}{\376\377\000C\000o\000n\000c\000l\000u\000s\000i\000o\000n}{}% 27
\BOOKMARK [1][-]{section.112}{\376\377\000C\000o\000n\000c\000l\000u\000s\000i\000o\000n}{chapter.111}% 28
\BOOKMARK [0][-]{appendix*.116}{\376\377\000R\000e\000f\000e\000r\000e\000n\000c\000e\000s}{}% 29
